[0815/122217:ERROR:process_info.cc(608)] range at 0xfffde000, size 0x230 fully unreadable
[0815/122217:ERROR:process_reader_win.cc(232)] ReadMemory at 0xfffde000 of 560 bytes failed: Only part of a ReadProcessMemory or WriteProcessMemory request was completed. (0x12B)
[0815/122217:ERROR:process_snapshot_win.cc(349)] ReadMemory PEB
[0815/122217:ERROR:process_reader_win.cc(232)] ReadMemory at 0x1190000 of 64 bytes failed: Only part of a ReadProcessMemory or WriteProcessMemory request was completed. (0x12B)
[0815/122217:WARNING:pe_image_reader.cc(280)] could not read dos header from C:\Program Files (x86)\Google\Chrome\Application\chrome.exe
[0815/122217:ERROR:process_reader_win.cc(232)] ReadMemory at 0x77170000 of 64 bytes failed: Only part of a ReadProcessMemory or WriteProcessMemory request was completed. (0x12B)
[0815/122217:WARNING:pe_image_reader.cc(280)] could not read dos header from C:\WINDOWS\SysWOW64\ntdll.dll
[0815/122217:ERROR:process_reader_win.cc(232)] ReadMemory at 0x757d0000 of 64 bytes failed: Only part of a ReadProcessMemory or WriteProcessMemory request was completed. (0x12B)
[0815/122217:WARNING:pe_image_reader.cc(280)] could not read dos header from C:\WINDOWS\syswow64\KERNELBASE.dll
[0815/122217:ERROR:process_reader_win.cc(232)] ReadMemory at 0x76740000 of 64 bytes failed: Only part of a ReadProcessMemory or WriteProcessMemory request was completed. (0x12B)
[0815/122217:WARNING:pe_image_reader.cc(280)] could not read dos header from C:\WINDOWS\syswow64\kernel32.dll
[0815/122217:ERROR:process_reader_win.cc(232)] ReadMemory at 0x750a0000 of 64 bytes failed: Only part of a ReadProcessMemory or WriteProcessMemory request was completed. (0x12B)
[0815/122217:WARNING:pe_image_reader.cc(280)] could not read dos header from C:\WINDOWS\syswow64\msvcrt.dll
[0815/122217:ERROR:process_reader_win.cc(232)] ReadMemory at 0x74b60000 of 64 bytes failed: Only part of a ReadProcessMemory or WriteProcessMemory request was completed. (0x12B)
[0815/122217:WARNING:pe_image_reader.cc(280)] could not read dos header from C:\WINDOWS\syswow64\CRYPTBASE.dll
[0815/122217:ERROR:process_reader_win.cc(232)] ReadMemory at 0x74b70000 of 64 bytes failed: Only part of a ReadProcessMemory or WriteProcessMemory request was completed. (0x12B)
[0815/122217:WARNING:pe_image_reader.cc(280)] could not read dos header from C:\WINDOWS\syswow64\SspiCli.dll
[0815/122217:ERROR:process_reader_win.cc(232)] ReadMemory at 0x75160000 of 64 bytes failed: Only part of a ReadProcessMemory or WriteProcessMemory request was completed. (0x12B)
[0815/122217:WARNING:pe_image_reader.cc(280)] could not read dos header from C:\WINDOWS\syswow64\RPCRT4.dll
[0815/122217:ERROR:process_reader_win.cc(232)] ReadMemory at 0x757a0000 of 64 bytes failed: Only part of a ReadProcessMemory or WriteProcessMemory request was completed. (0x12B)
[0815/122217:WARNING:pe_image_reader.cc(280)] could not read dos header from C:\WINDOWS\SysWOW64\sechost.dll
[0815/122217:ERROR:process_reader_win.cc(232)] ReadMemory at 0x75a30000 of 64 bytes failed: Only part of a ReadProcessMemory or WriteProcessMemory request was completed. (0x12B)
[0815/122217:WARNING:pe_image_reader.cc(280)] could not read dos header from C:\WINDOWS\syswow64\ADVAPI32.dll
[0815/122217:ERROR:process_reader_win.cc(232)] ReadMemory at 0x72b80000 of 64 bytes failed: Only part of a ReadProcessMemory or WriteProcessMemory request was completed. (0x12B)
[0815/122217:WARNING:pe_image_reader.cc(280)] could not read dos header from C:\Program Files (x86)\Google\Chrome\Application\51.0.2704.106\chrome_elf.dll
[0815/122217:ERROR:process_reader_win.cc(232)] ReadMemory at 0x74470000 of 64 bytes failed: Only part of a ReadProcessMemory or WriteProcessMemory request was completed. (0x12B)
[0815/122217:WARNING:pe_image_reader.cc(280)] could not read dos header from C:\WINDOWS\system32\VERSION.dll
[0815/122217:ERROR:process_reader_win.cc(232)] ReadMemory at 0x75000000 of 64 bytes failed: Only part of a ReadProcessMemory or WriteProcessMemory request was completed. (0x12B)
[0815/122217:WARNING:pe_image_reader.cc(280)] could not read dos header from C:\WINDOWS\syswow64\USP10.dll
[0815/122217:ERROR:process_reader_win.cc(232)] ReadMemory at 0x75790000 of 64 bytes failed: Only part of a ReadProcessMemory or WriteProcessMemory request was completed. (0x12B)
[0815/122217:WARNING:pe_image_reader.cc(280)] could not read dos header from C:\WINDOWS\syswow64\LPK.dll
[0815/122217:ERROR:process_reader_win.cc(232)] ReadMemory at 0x76ac0000 of 64 bytes failed: Only part of a ReadProcessMemory or WriteProcessMemory request was completed. (0x12B)
[0815/122217:WARNING:pe_image_reader.cc(280)] could not read dos header from C:\WINDOWS\syswow64\GDI32.dll
[0815/122217:ERROR:process_reader_win.cc(232)] ReadMemory at 0x74be0000 of 64 bytes failed: Only part of a ReadProcessMemory or WriteProcessMemory request was completed. (0x12B)
[0815/122217:WARNING:pe_image_reader.cc(280)] could not read dos header from C:\WINDOWS\syswow64\USER32.dll
[0815/122217:ERROR:process_reader_win.cc(232)] ReadMemory at 0x72b00000 of 64 bytes failed: Only part of a ReadProcessMemory or WriteProcessMemory request was completed. (0x12B)
[0815/122217:WARNING:pe_image_reader.cc(280)] could not read dos header from C:\WINDOWS\system32\WINMM.dll
[0815/122217:ERROR:process_reader_win.cc(232)] ReadMemory at 0x74490000 of 64 bytes failed: Only part of a ReadProcessMemory or WriteProcessMemory request was completed. (0x12B)
[0815/122217:WARNING:pe_image_reader.cc(280)] could not read dos header from C:\WINDOWS\system32\profapi.dll
[0815/122217:ERROR:process_reader_win.cc(232)] ReadMemory at 0x744a0000 of 64 bytes failed: Only part of a ReadProcessMemory or WriteProcessMemory request was completed. (0x12B)
[0815/122217:WARNING:pe_image_reader.cc(280)] could not read dos header from C:\WINDOWS\system32\USERENV.dll
[0815/122217:ERROR:process_reader_win.cc(232)] ReadMemory at 0x74480000 of 64 bytes failed: Only part of a ReadProcessMemory or WriteProcessMemory request was completed. (0x12B)
[0815/122217:WARNING:pe_image_reader.cc(280)] could not read dos header from C:\WINDOWS\system32\WTSAPI32.dll
[0815/122217:ERROR:process_reader_win.cc(232)] ReadMemory at 0x72510000 of 64 bytes failed: Only part of a ReadProcessMemory or WriteProcessMemory request was completed. (0x12B)
[0815/122217:WARNING:pe_image_reader.cc(280)] could not read dos header from C:\WINDOWS\system32\webio.dll
[0815/122217:ERROR:process_reader_win.cc(232)] ReadMemory at 0x72560000 of 64 bytes failed: Only part of a ReadProcessMemory or WriteProcessMemory request was completed. (0x12B)
[0815/122217:WARNING:pe_image_reader.cc(280)] could not read dos header from C:\WINDOWS\system32\WINHTTP.dll
[0815/122217:ERROR:process_reader_win.cc(232)] ReadMemory at 0x73610000 of 64 bytes failed: Only part of a ReadProcessMemory or WriteProcessMemory request was completed. (0x12B)
[0815/122217:WARNING:pe_image_reader.cc(280)] could not read dos header from C:\WINDOWS\system32\api-ms-win-core-synch-l1-2-0.DLL
[0815/122217:ERROR:process_reader_win.cc(232)] ReadMemory at 0x76ca0000 of 64 bytes failed: Only part of a ReadProcessMemory or WriteProcessMemory request was completed. (0x12B)
[0815/122217:WARNING:pe_image_reader.cc(280)] could not read dos header from C:\WINDOWS\syswow64\MSCTF.dll
[0815/122217:ERROR:process_reader_win.cc(232)] ReadMemory at 0x74f60000 of 64 bytes failed: Only part of a ReadProcessMemory or WriteProcessMemory request was completed. (0x12B)
[0815/122217:WARNING:pe_image_reader.cc(280)] could not read dos header from C:\WINDOWS\system32\IMM32.DLL
[0815/122217:ERROR:process_reader_win.cc(232)] ReadMemory at 0x75420000 of 64 bytes failed: Only part of a ReadProcessMemory or WriteProcessMemory request was completed. (0x12B)
[0815/122217:WARNING:pe_image_reader.cc(280)] could not read dos header from C:\WINDOWS\syswow64\SHLWAPI.dll
[0815/122217:ERROR:process_reader_win.cc(232)] ReadMemory at 0x75ae0000 of 64 bytes failed: Only part of a ReadProcessMemory or WriteProcessMemory request was completed. (0x12B)
[0815/122217:WARNING:pe_image_reader.cc(280)] could not read dos header from C:\WINDOWS\syswow64\SHELL32.dll
[0815/122217:ERROR:process_reader_win.cc(232)] ReadMemory at 0x76980000 of 64 bytes failed: Only part of a ReadProcessMemory or WriteProcessMemory request was completed. (0x12B)
[0815/122217:WARNING:pe_image_reader.cc(280)] could not read dos header from C:\WINDOWS\syswow64\PSAPI.DLL
[0815/122217:ERROR:process_reader_win.cc(232)] ReadMemory at 0x72190000 of 64 bytes failed: Only part of a ReadProcessMemory or WriteProcessMemory request was completed. (0x12B)
[0815/122217:WARNING:pe_image_reader.cc(280)] could not read dos header from C:\WINDOWS\system32\WINSPOOL.DRV
[0815/122217:ERROR:process_reader_win.cc(232)] ReadMemory at 0x738d0000 of 64 bytes failed: Only part of a ReadProcessMemory or WriteProcessMemory request was completed. (0x12B)
[0815/122217:WARNING:pe_image_reader.cc(280)] could not read dos header from C:\WINDOWS\WinSxS\x86_microsoft.windows.common-controls_6595b64144ccf1df_6.0.7601.18837_none_41e855142bd5705d\COMCTL32.dll
[0815/122217:ERROR:process_reader_win.cc(232)] ReadMemory at 0x76bf0000 of 64 bytes failed: Only part of a ReadProcessMemory or WriteProcessMemory request was completed. (0x12B)
[0815/122217:WARNING:pe_image_reader.cc(280)] could not read dos header from C:\WINDOWS\syswow64\COMDLG32.dll
[0815/122217:ERROR:process_reader_win.cc(232)] ReadMemory at 0x74d70000 of 64 bytes failed: Only part of a ReadProcessMemory or WriteProcessMemory request was completed. (0x12B)
[0815/122217:WARNING:pe_image_reader.cc(280)] could not read dos header from C:\WINDOWS\syswow64\ole32.dll
[0815/122217:ERROR:process_reader_win.cc(232)] ReadMemory at 0x74ed0000 of 64 bytes failed: Only part of a ReadProcessMemory or WriteProcessMemory request was completed. (0x12B)
[0815/122217:WARNING:pe_image_reader.cc(280)] could not read dos header from C:\WINDOWS\syswow64\OLEAUT32.dll
[0815/122217:ERROR:process_reader_win.cc(232)] ReadMemory at 0x74bd0000 of 64 bytes failed: Only part of a ReadProcessMemory or WriteProcessMemory request was completed. (0x12B)
[0815/122217:WARNING:pe_image_reader.cc(280)] could not read dos header from C:\WINDOWS\syswow64\NSI.dll
[0815/122217:ERROR:process_reader_win.cc(232)] ReadMemory at 0x74890000 of 64 bytes failed: Only part of a ReadProcessMemory or WriteProcessMemory request was completed. (0x12B)
[0815/122217:WARNING:pe_image_reader.cc(280)] could not read dos header from C:\WINDOWS\system32\WINNSI.DLL
[0815/122217:ERROR:process_reader_win.cc(232)] ReadMemory at 0x748f0000 of 64 bytes failed: Only part of a ReadProcessMemory or WriteProcessMemory request was completed. (0x12B)
[0815/122217:WARNING:pe_image_reader.cc(280)] could not read dos header from C:\WINDOWS\system32\IPHLPAPI.DLL
[0815/122217:ERROR:process_reader_win.cc(232)] ReadMemory at 0x756f0000 of 64 bytes failed: Only part of a ReadProcessMemory or WriteProcessMemory request was completed. (0x12B)
[0815/122217:WARNING:pe_image_reader.cc(280)] could not read dos header from C:\WINDOWS\syswow64\WS2_32.dll
[0815/122217:ERROR:process_reader_win.cc(232)] ReadMemory at 0x77140000 of 64 bytes failed: Only part of a ReadProcessMemory or WriteProcessMemory request was completed. (0x12B)
[0815/122217:WARNING:pe_image_reader.cc(280)] could not read dos header from C:\WINDOWS\syswow64\MSASN1.dll
[0815/122217:ERROR:process_reader_win.cc(232)] ReadMemory at 0x76850000 of 64 bytes failed: Only part of a ReadProcessMemory or WriteProcessMemory request was completed. (0x12B)
[0815/122217:WARNING:pe_image_reader.cc(280)] could not read dos header from C:\WINDOWS\syswow64\CRYPT32.dll
[0815/122217:ERROR:process_reader_win.cc(232)] ReadMemory at 0x74fd0000 of 64 bytes failed: Only part of a ReadProcessMemory or WriteProcessMemory request was completed. (0x12B)
[0815/122217:WARNING:pe_image_reader.cc(280)] could not read dos header from C:\WINDOWS\syswow64\WINTRUST.dll
[0815/122217:ERROR:process_reader_win.cc(232)] ReadMemory at 0x74910000 of 64 bytes failed: Only part of a ReadProcessMemory or WriteProcessMemory request was completed. (0x12B)
[0815/122217:WARNING:pe_image_reader.cc(280)] could not read dos header from C:\WINDOWS\system32\Secur32.dll
[0815/122217:ERROR:process_reader_win.cc(232)] ReadMemory at 0x68160000 of 64 bytes failed: Only part of a ReadProcessMemory or WriteProcessMemory request was completed. (0x12B)
[0815/122217:WARNING:pe_image_reader.cc(280)] could not read dos header from C:\Program Files (x86)\Google\Chrome\Application\51.0.2704.106\chrome_child.dll
[0815/122217:ERROR:process_reader_win.cc(232)] ReadMemory at 0x71850000 of 64 bytes failed: Only part of a ReadProcessMemory or WriteProcessMemory request was completed. (0x12B)
[0815/122217:WARNING:pe_image_reader.cc(280)] could not read dos header from C:\WINDOWS\system32\dwrite.dll
[0815/122217:ERROR:process_reader_win.cc(232)] ReadMemory at 0x77275120 of 5888 bytes failed: Only part of a ReadProcessMemory or WriteProcessMemory request was completed. (0x12B)
[0815/122217:ERROR:process_reader_win.cc(232)] ReadMemory at 0x1190000 of 64 bytes failed: Only part of a ReadProcessMemory or WriteProcessMemory request was completed. (0x12B)
[0815/122217:WARNING:pe_image_reader.cc(280)] could not read dos header from C:\Program Files (x86)\Google\Chrome\Application\chrome.exe
[0815/122217:ERROR:process_reader_win.cc(232)] ReadMemory at 0x77170000 of 64 bytes failed: Only part of a ReadProcessMemory or WriteProcessMemory request was completed. (0x12B)
[0815/122217:WARNING:pe_image_reader.cc(280)] could not read dos header from C:\WINDOWS\SysWOW64\ntdll.dll
[0815/122217:ERROR:process_reader_win.cc(232)] ReadMemory at 0x757d0000 of 64 bytes failed: Only part of a ReadProcessMemory or WriteProcessMemory request was completed. (0x12B)
[0815/122217:WARNING:pe_image_reader.cc(280)] could not read dos header from C:\WINDOWS\syswow64\KERNELBASE.dll
[0815/122217:ERROR:process_reader_win.cc(232)] ReadMemory at 0x76740000 of 64 bytes failed: Only part of a ReadProcessMemory or WriteProcessMemory request was completed. (0x12B)
[0815/122217:WARNING:pe_image_reader.cc(280)] could not read dos header from C:\WINDOWS\syswow64\kernel32.dll
[0815/122217:ERROR:process_reader_win.cc(232)] ReadMemory at 0x750a0000 of 64 bytes failed: Only part of a ReadProcessMemory or WriteProcessMemory request was completed. (0x12B)
[0815/122217:WARNING:pe_image_reader.cc(280)] could not read dos header from C:\WINDOWS\syswow64\msvcrt.dll
[0815/122217:ERROR:process_reader_win.cc(232)] ReadMemory at 0x74b60000 of 64 bytes failed: Only part of a ReadProcessMemory or WriteProcessMemory request was completed. (0x12B)
[0815/122217:WARNING:pe_image_reader.cc(280)] could not read dos header from C:\WINDOWS\syswow64\CRYPTBASE.dll
[0815/122217:ERROR:process_reader_win.cc(232)] ReadMemory at 0x74b70000 of 64 bytes failed: Only part of a ReadProcessMemory or WriteProcessMemory request was completed. (0x12B)
[0815/122217:WARNING:pe_image_reader.cc(280)] could not read dos header from C:\WINDOWS\syswow64\SspiCli.dll
[0815/122217:ERROR:process_reader_win.cc(232)] ReadMemory at 0x75160000 of 64 bytes failed: Only part of a ReadProcessMemory or WriteProcessMemory request was completed. (0x12B)
[0815/122217:WARNING:pe_image_reader.cc(280)] could not read dos header from C:\WINDOWS\syswow64\RPCRT4.dll
[0815/122217:ERROR:process_reader_win.cc(232)] ReadMemory at 0x757a0000 of 64 bytes failed: Only part of a ReadProcessMemory or WriteProcessMemory request was completed. (0x12B)
[0815/122217:WARNING:pe_image_reader.cc(280)] could not read dos header from C:\WINDOWS\SysWOW64\sechost.dll
[0815/122217:ERROR:process_reader_win.cc(232)] ReadMemory at 0x75a30000 of 64 bytes failed: Only part of a ReadProcessMemory or WriteProcessMemory request was completed. (0x12B)
[0815/122217:WARNING:pe_image_reader.cc(280)] could not read dos header from C:\WINDOWS\syswow64\ADVAPI32.dll
[0815/122217:ERROR:process_reader_win.cc(232)] ReadMemory at 0x72b80000 of 64 bytes failed: Only part of a ReadProcessMemory or WriteProcessMemory request was completed. (0x12B)
[0815/122217:WARNING:pe_image_reader.cc(280)] could not read dos header from C:\Program Files (x86)\Google\Chrome\Application\51.0.2704.106\chrome_elf.dll
[0815/122217:ERROR:process_reader_win.cc(232)] ReadMemory at 0x74470000 of 64 bytes failed: Only part of a ReadProcessMemory or WriteProcessMemory request was completed. (0x12B)
[0815/122217:WARNING:pe_image_reader.cc(280)] could not read dos header from C:\WINDOWS\system32\VERSION.dll
[0815/122217:ERROR:process_reader_win.cc(232)] ReadMemory at 0x75000000 of 64 bytes failed: Only part of a ReadProcessMemory or WriteProcessMemory request was completed. (0x12B)
[0815/122217:WARNING:pe_image_reader.cc(280)] could not read dos header from C:\WINDOWS\syswow64\USP10.dll
[0815/122217:ERROR:process_reader_win.cc(232)] ReadMemory at 0x75790000 of 64 bytes failed: Only part of a ReadProcessMemory or WriteProcessMemory request was completed. (0x12B)
[0815/122217:WARNING:pe_image_reader.cc(280)] could not read dos header from C:\WINDOWS\syswow64\LPK.dll
[0815/122217:ERROR:process_reader_win.cc(232)] ReadMemory at 0x76ac0000 of 64 bytes failed: Only part of a ReadProcessMemory or WriteProcessMemory request was completed. (0x12B)
[0815/122217:WARNING:pe_image_reader.cc(280)] could not read dos header from C:\WINDOWS\syswow64\GDI32.dll
[0815/122217:ERROR:process_reader_win.cc(232)] ReadMemory at 0x74be0000 of 64 bytes failed: Only part of a ReadProcessMemory or WriteProcessMemory request was completed. (0x12B)
[0815/122217:WARNING:pe_image_reader.cc(280)] could not read dos header from C:\WINDOWS\syswow64\USER32.dll
[0815/122217:ERROR:process_reader_win.cc(232)] ReadMemory at 0x72b00000 of 64 bytes failed: Only part of a ReadProcessMemory or WriteProcessMemory request was completed. (0x12B)
[0815/122217:WARNING:pe_image_reader.cc(280)] could not read dos header from C:\WINDOWS\system32\WINMM.dll
[0815/122217:ERROR:process_reader_win.cc(232)] ReadMemory at 0x74490000 of 64 bytes failed: Only part of a ReadProcessMemory or WriteProcessMemory request was completed. (0x12B)
[0815/122217:WARNING:pe_image_reader.cc(280)] could not read dos header from C:\WINDOWS\system32\profapi.dll
[0815/122217:ERROR:process_reader_win.cc(232)] ReadMemory at 0x744a0000 of 64 bytes failed: Only part of a ReadProcessMemory or WriteProcessMemory request was completed. (0x12B)
[0815/122217:WARNING:pe_image_reader.cc(280)] could not read dos header from C:\WINDOWS\system32\USERENV.dll
[0815/122217:ERROR:process_reader_win.cc(232)] ReadMemory at 0x74480000 of 64 bytes failed: Only part of a ReadProcessMemory or WriteProcessMemory request was completed. (0x12B)
[0815/122217:WARNING:pe_image_reader.cc(280)] could not read dos header from C:\WINDOWS\system32\WTSAPI32.dll
[0815/122217:ERROR:process_reader_win.cc(232)] ReadMemory at 0x72510000 of 64 bytes failed: Only part of a ReadProcessMemory or WriteProcessMemory request was completed. (0x12B)
[0815/122217:WARNING:pe_image_reader.cc(280)] could not read dos header from C:\WINDOWS\system32\webio.dll
[0815/122217:ERROR:process_reader_win.cc(232)] ReadMemory at 0x72560000 of 64 bytes failed: Only part of a ReadProcessMemory or WriteProcessMemory request was completed. (0x12B)
[0815/122217:WARNING:pe_image_reader.cc(280)] could not read dos header from C:\WINDOWS\system32\WINHTTP.dll
[0815/122217:ERROR:process_reader_win.cc(232)] ReadMemory at 0x73610000 of 64 bytes failed: Only part of a ReadProcessMemory or WriteProcessMemory request was completed. (0x12B)
[0815/122217:WARNING:pe_image_reader.cc(280)] could not read dos header from C:\WINDOWS\system32\api-ms-win-core-synch-l1-2-0.DLL
[0815/122217:ERROR:process_reader_win.cc(232)] ReadMemory at 0x76ca0000 of 64 bytes failed: Only part of a ReadProcessMemory or WriteProcessMemory request was completed. (0x12B)
[0815/122217:WARNING:pe_image_reader.cc(280)] could not read dos header from C:\WINDOWS\syswow64\MSCTF.dll
[0815/122217:ERROR:process_reader_win.cc(232)] ReadMemory at 0x74f60000 of 64 bytes failed: Only part of a ReadProcessMemory or WriteProcessMemory request was completed. (0x12B)
[0815/122217:WARNING:pe_image_reader.cc(280)] could not read dos header from C:\WINDOWS\system32\IMM32.DLL
[0815/122217:ERROR:process_reader_win.cc(232)] ReadMemory at 0x75420000 of 64 bytes failed: Only part of a ReadProcessMemory or WriteProcessMemory request was completed. (0x12B)
[0815/122217:WARNING:pe_image_reader.cc(280)] could not read dos header from C:\WINDOWS\syswow64\SHLWAPI.dll
[0815/122217:ERROR:process_reader_win.cc(232)] ReadMemory at 0x75ae0000 of 64 bytes failed: Only part of a ReadProcessMemory or WriteProcessMemory request was completed. (0x12B)
[0815/122217:WARNING:pe_image_reader.cc(280)] could not read dos header from C:\WINDOWS\syswow64\SHELL32.dll
[0815/122217:ERROR:process_reader_win.cc(232)] ReadMemory at 0x76980000 of 64 bytes failed: Only part of a ReadProcessMemory or WriteProcessMemory request was completed. (0x12B)
[0815/122217:WARNING:pe_image_reader.cc(280)] could not read dos header from C:\WINDOWS\syswow64\PSAPI.DLL
[0815/122217:ERROR:process_reader_win.cc(232)] ReadMemory at 0x72190000 of 64 bytes failed: Only part of a ReadProcessMemory or WriteProcessMemory request was completed. (0x12B)
[0815/122217:WARNING:pe_image_reader.cc(280)] could not read dos header from C:\WINDOWS\system32\WINSPOOL.DRV
[0815/122217:ERROR:process_reader_win.cc(232)] ReadMemory at 0x738d0000 of 64 bytes failed: Only part of a ReadProcessMemory or WriteProcessMemory request was completed. (0x12B)
[0815/122217:WARNING:pe_image_reader.cc(280)] could not read dos header from C:\WINDOWS\WinSxS\x86_microsoft.windows.common-controls_6595b64144ccf1df_6.0.7601.18837_none_41e855142bd5705d\COMCTL32.dll
[0815/122217:ERROR:process_reader_win.cc(232)] ReadMemory at 0x76bf0000 of 64 bytes failed: Only part of a ReadProcessMemory or WriteProcessMemory request was completed. (0x12B)
[0815/122217:WARNING:pe_image_reader.cc(280)] could not read dos header from C:\WINDOWS\syswow64\COMDLG32.dll
[0815/122217:ERROR:process_reader_win.cc(232)] ReadMemory at 0x74d70000 of 64 bytes failed: Only part of a ReadProcessMemory or WriteProcessMemory request was completed. (0x12B)
[0815/122217:WARNING:pe_image_reader.cc(280)] could not read dos header from C:\WINDOWS\syswow64\ole32.dll
[0815/122217:ERROR:process_reader_win.cc(232)] ReadMemory at 0x74ed0000 of 64 bytes failed: Only part of a ReadProcessMemory or WriteProcessMemory request was completed. (0x12B)
[0815/122217:WARNING:pe_image_reader.cc(280)] could not read dos header from C:\WINDOWS\syswow64\OLEAUT32.dll
[0815/122217:ERROR:process_reader_win.cc(232)] ReadMemory at 0x74bd0000 of 64 bytes failed: Only part of a ReadProcessMemory or WriteProcessMemory request was completed. (0x12B)
[0815/122217:WARNING:pe_image_reader.cc(280)] could not read dos header from C:\WINDOWS\syswow64\NSI.dll
[0815/122217:ERROR:process_reader_win.cc(232)] ReadMemory at 0x74890000 of 64 bytes failed: Only part of a ReadProcessMemory or WriteProcessMemory request was completed. (0x12B)
[0815/122217:WARNING:pe_image_reader.cc(280)] could not read dos header from C:\WINDOWS\system32\WINNSI.DLL
[0815/122217:ERROR:process_reader_win.cc(232)] ReadMemory at 0x748f0000 of 64 bytes failed: Only part of a ReadProcessMemory or WriteProcessMemory request was completed. (0x12B)
[0815/122217:WARNING:pe_image_reader.cc(280)] could not read dos header from C:\WINDOWS\system32\IPHLPAPI.DLL
[0815/122217:ERROR:process_reader_win.cc(232)] ReadMemory at 0x756f0000 of 64 bytes failed: Only part of a ReadProcessMemory or WriteProcessMemory request was completed. (0x12B)
[0815/122217:WARNING:pe_image_reader.cc(280)] could not read dos header from C:\WINDOWS\syswow64\WS2_32.dll
[0815/122217:ERROR:process_reader_win.cc(232)] ReadMemory at 0x77140000 of 64 bytes failed: Only part of a ReadProcessMemory or WriteProcessMemory request was completed. (0x12B)
[0815/122217:WARNING:pe_image_reader.cc(280)] could not read dos header from C:\WINDOWS\syswow64\MSASN1.dll
[0815/122217:ERROR:process_reader_win.cc(232)] ReadMemory at 0x76850000 of 64 bytes failed: Only part of a ReadProcessMemory or WriteProcessMemory request was completed. (0x12B)
[0815/122217:WARNING:pe_image_reader.cc(280)] could not read dos header from C:\WINDOWS\syswow64\CRYPT32.dll
[0815/122217:ERROR:process_reader_win.cc(232)] ReadMemory at 0x74fd0000 of 64 bytes failed: Only part of a ReadProcessMemory or WriteProcessMemory request was completed. (0x12B)
[0815/122217:WARNING:pe_image_reader.cc(280)] could not read dos header from C:\WINDOWS\syswow64\WINTRUST.dll
[0815/122217:ERROR:process_reader_win.cc(232)] ReadMemory at 0x74910000 of 64 bytes failed: Only part of a ReadProcessMemory or WriteProcessMemory request was completed. (0x12B)
[0815/122217:WARNING:pe_image_reader.cc(280)] could not read dos header from C:\WINDOWS\system32\Secur32.dll
[0815/122217:ERROR:process_reader_win.cc(232)] ReadMemory at 0x68160000 of 64 bytes failed: Only part of a ReadProcessMemory or WriteProcessMemory request was completed. (0x12B)
[0815/122217:WARNING:pe_image_reader.cc(280)] could not read dos header from C:\Program Files (x86)\Google\Chrome\Application\51.0.2704.106\chrome_child.dll
[0815/122217:ERROR:process_reader_win.cc(232)] ReadMemory at 0x71850000 of 64 bytes failed: Only part of a ReadProcessMemory or WriteProcessMemory request was completed. (0x12B)
[0815/122217:WARNING:pe_image_reader.cc(280)] could not read dos header from C:\WINDOWS\system32\dwrite.dll
[0815/122217:ERROR:process_reader_win.cc(98)] process 3464 not found
[0815/122217:ERROR:process_reader_win.cc(232)] ReadMemory at 0x1190000 of 64 bytes failed: Only part of a ReadProcessMemory or WriteProcessMemory request was completed. (0x12B)
[0815/122217:WARNING:pe_image_reader.cc(280)] could not read dos header from C:\Program Files (x86)\Google\Chrome\Application\chrome.exe
[0815/122217:ERROR:process_reader_win.cc(232)] ReadMemory at 0x77170000 of 64 bytes failed: Only part of a ReadProcessMemory or WriteProcessMemory request was completed. (0x12B)
[0815/122217:WARNING:pe_image_reader.cc(280)] could not read dos header from C:\WINDOWS\SysWOW64\ntdll.dll
[0815/122217:ERROR:process_reader_win.cc(232)] ReadMemory at 0x757d0000 of 64 bytes failed: Only part of a ReadProcessMemory or WriteProcessMemory request was completed. (0x12B)
[0815/122217:WARNING:pe_image_reader.cc(280)] could not read dos header from C:\WINDOWS\syswow64\KERNELBASE.dll
[0815/122217:ERROR:process_reader_win.cc(232)] ReadMemory at 0x76740000 of 64 bytes failed: Only part of a ReadProcessMemory or WriteProcessMemory request was completed. (0x12B)
[0815/122217:WARNING:pe_image_reader.cc(280)] could not read dos header from C:\WINDOWS\syswow64\kernel32.dll
[0815/122217:ERROR:process_reader_win.cc(232)] ReadMemory at 0x750a0000 of 64 bytes failed: Only part of a ReadProcessMemory or WriteProcessMemory request was completed. (0x12B)
[0815/122217:WARNING:pe_image_reader.cc(280)] could not read dos header from C:\WINDOWS\syswow64\msvcrt.dll
[0815/122217:ERROR:process_reader_win.cc(232)] ReadMemory at 0x74b60000 of 64 bytes failed: Only part of a ReadProcessMemory or WriteProcessMemory request was completed. (0x12B)
[0815/122217:WARNING:pe_image_reader.cc(280)] could not read dos header from C:\WINDOWS\syswow64\CRYPTBASE.dll
[0815/122217:ERROR:process_reader_win.cc(232)] ReadMemory at 0x74b70000 of 64 bytes failed: Only part of a ReadProcessMemory or WriteProcessMemory request was completed. (0x12B)
[0815/122217:WARNING:pe_image_reader.cc(280)] could not read dos header from C:\WINDOWS\syswow64\SspiCli.dll
[0815/122217:ERROR:process_reader_win.cc(232)] ReadMemory at 0x75160000 of 64 bytes failed: Only part of a ReadProcessMemory or WriteProcessMemory request was completed. (0x12B)
[0815/122217:WARNING:pe_image_reader.cc(280)] could not read dos header from C:\WINDOWS\syswow64\RPCRT4.dll
[0815/122217:ERROR:process_reader_win.cc(232)] ReadMemory at 0x757a0000 of 64 bytes failed: Only part of a ReadProcessMemory or WriteProcessMemory request was completed. (0x12B)
[0815/122217:WARNING:pe_image_reader.cc(280)] could not read dos header from C:\WINDOWS\SysWOW64\sechost.dll
[0815/122217:ERROR:process_reader_win.cc(232)] ReadMemory at 0x75a30000 of 64 bytes failed: Only part of a ReadProcessMemory or WriteProcessMemory request was completed. (0x12B)
[0815/122217:WARNING:pe_image_reader.cc(280)] could not read dos header from C:\WINDOWS\syswow64\ADVAPI32.dll
[0815/122217:ERROR:process_reader_win.cc(232)] ReadMemory at 0x72b80000 of 64 bytes failed: Only part of a ReadProcessMemory or WriteProcessMemory request was completed. (0x12B)
[0815/122217:WARNING:pe_image_reader.cc(280)] could not read dos header from C:\Program Files (x86)\Google\Chrome\Application\51.0.2704.106\chrome_elf.dll
[0815/122217:ERROR:process_reader_win.cc(232)] ReadMemory at 0x74470000 of 64 bytes failed: Only part of a ReadProcessMemory or WriteProcessMemory request was completed. (0x12B)
[0815/122217:WARNING:pe_image_reader.cc(280)] could not read dos header from C:\WINDOWS\system32\VERSION.dll
[0815/122217:ERROR:process_reader_win.cc(232)] ReadMemory at 0x75000000 of 64 bytes failed: Only part of a ReadProcessMemory or WriteProcessMemory request was completed. (0x12B)
[0815/122217:WARNING:pe_image_reader.cc(280)] could not read dos header from C:\WINDOWS\syswow64\USP10.dll
[0815/122217:ERROR:process_reader_win.cc(232)] ReadMemory at 0x75790000 of 64 bytes failed: Only part of a ReadProcessMemory or WriteProcessMemory request was completed. (0x12B)
[0815/122217:WARNING:pe_image_reader.cc(280)] could not read dos header from C:\WINDOWS\syswow64\LPK.dll
[0815/122217:ERROR:process_reader_win.cc(232)] ReadMemory at 0x76ac0000 of 64 bytes failed: Only part of a ReadProcessMemory or WriteProcessMemory request was completed. (0x12B)
[0815/122217:WARNING:pe_image_reader.cc(280)] could not read dos header from C:\WINDOWS\syswow64\GDI32.dll
[0815/122217:ERROR:process_reader_win.cc(232)] ReadMemory at 0x74be0000 of 64 bytes failed: Only part of a ReadProcessMemory or WriteProcessMemory request was completed. (0x12B)
[0815/122217:WARNING:pe_image_reader.cc(280)] could not read dos header from C:\WINDOWS\syswow64\USER32.dll
[0815/122217:ERROR:process_reader_win.cc(232)] ReadMemory at 0x72b00000 of 64 bytes failed: Only part of a ReadProcessMemory or WriteProcessMemory request was completed. (0x12B)
[0815/122217:WARNING:pe_image_reader.cc(280)] could not read dos header from C:\WINDOWS\system32\WINMM.dll
[0815/122217:ERROR:process_reader_win.cc(232)] ReadMemory at 0x74490000 of 64 bytes failed: Only part of a ReadProcessMemory or WriteProcessMemory request was completed. (0x12B)
[0815/122217:WARNING:pe_image_reader.cc(280)] could not read dos header from C:\WINDOWS\system32\profapi.dll
[0815/122217:ERROR:process_reader_win.cc(232)] ReadMemory at 0x744a0000 of 64 bytes failed: Only part of a ReadProcessMemory or WriteProcessMemory request was completed. (0x12B)
[0815/122217:WARNING:pe_image_reader.cc(280)] could not read dos header from C:\WINDOWS\system32\USERENV.dll
[0815/122217:ERROR:process_reader_win.cc(232)] ReadMemory at 0x74480000 of 64 bytes failed: Only part of a ReadProcessMemory or WriteProcessMemory request was completed. (0x12B)
[0815/122217:WARNING:pe_image_reader.cc(280)] could not read dos header from C:\WINDOWS\system32\WTSAPI32.dll
[0815/122217:ERROR:process_reader_win.cc(232)] ReadMemory at 0x72510000 of 64 bytes failed: Only part of a ReadProcessMemory or WriteProcessMemory request was completed. (0x12B)
[0815/122217:WARNING:pe_image_reader.cc(280)] could not read dos header from C:\WINDOWS\system32\webio.dll
[0815/122217:ERROR:process_reader_win.cc(232)] ReadMemory at 0x72560000 of 64 bytes failed: Only part of a ReadProcessMemory or WriteProcessMemory request was completed. (0x12B)
[0815/122217:WARNING:pe_image_reader.cc(280)] could not read dos header from C:\WINDOWS\system32\WINHTTP.dll
[0815/122217:ERROR:process_reader_win.cc(232)] ReadMemory at 0x73610000 of 64 bytes failed: Only part of a ReadProcessMemory or WriteProcessMemory request was completed. (0x12B)
[0815/122217:WARNING:pe_image_reader.cc(280)] could not read dos header from C:\WINDOWS\system32\api-ms-win-core-synch-l1-2-0.DLL
[0815/122217:ERROR:process_reader_win.cc(232)] ReadMemory at 0x76ca0000 of 64 bytes failed: Only part of a ReadProcessMemory or WriteProcessMemory request was completed. (0x12B)
[0815/122217:WARNING:pe_image_reader.cc(280)] could not read dos header from C:\WINDOWS\syswow64\MSCTF.dll
[0815/122217:ERROR:process_reader_win.cc(232)] ReadMemory at 0x74f60000 of 64 bytes failed: Only part of a ReadProcessMemory or WriteProcessMemory request was completed. (0x12B)
[0815/122217:WARNING:pe_image_reader.cc(280)] could not read dos header from C:\WINDOWS\system32\IMM32.DLL
[0815/122217:ERROR:process_reader_win.cc(232)] ReadMemory at 0x75420000 of 64 bytes failed: Only part of a ReadProcessMemory or WriteProcessMemory request was completed. (0x12B)
[0815/122217:WARNING:pe_image_reader.cc(280)] could not read dos header from C:\WINDOWS\syswow64\SHLWAPI.dll
[0815/122217:ERROR:process_reader_win.cc(232)] ReadMemory at 0x75ae0000 of 64 bytes failed: Only part of a ReadProcessMemory or WriteProcessMemory request was completed. (0x12B)
[0815/122217:WARNING:pe_image_reader.cc(280)] could not read dos header from C:\WINDOWS\syswow64\SHELL32.dll
[0815/122217:ERROR:process_reader_win.cc(232)] ReadMemory at 0x76980000 of 64 bytes failed: Only part of a ReadProcessMemory or WriteProcessMemory request was completed. (0x12B)
[0815/122217:WARNING:pe_image_reader.cc(280)] could not read dos header from C:\WINDOWS\syswow64\PSAPI.DLL
[0815/122217:ERROR:process_reader_win.cc(232)] ReadMemory at 0x72190000 of 64 bytes failed: Only part of a ReadProcessMemory or WriteProcessMemory request was completed. (0x12B)
[0815/122217:WARNING:pe_image_reader.cc(280)] could not read dos header from C:\WINDOWS\system32\WINSPOOL.DRV
[0815/122217:ERROR:process_reader_win.cc(232)] ReadMemory at 0x738d0000 of 64 bytes failed: Only part of a ReadProcessMemory or WriteProcessMemory request was completed. (0x12B)
[0815/122217:WARNING:pe_image_reader.cc(280)] could not read dos header from C:\WINDOWS\WinSxS\x86_microsoft.windows.common-controls_6595b64144ccf1df_6.0.7601.18837_none_41e855142bd5705d\COMCTL32.dll
[0815/122217:ERROR:process_reader_win.cc(232)] ReadMemory at 0x76bf0000 of 64 bytes failed: Only part of a ReadProcessMemory or WriteProcessMemory request was completed. (0x12B)
[0815/122217:WARNING:pe_image_reader.cc(280)] could not read dos header from C:\WINDOWS\syswow64\COMDLG32.dll
[0815/122217:ERROR:process_reader_win.cc(232)] ReadMemory at 0x74d70000 of 64 bytes failed: Only part of a ReadProcessMemory or WriteProcessMemory request was completed. (0x12B)
[0815/122217:WARNING:pe_image_reader.cc(280)] could not read dos header from C:\WINDOWS\syswow64\ole32.dll
[0815/122217:ERROR:process_reader_win.cc(232)] ReadMemory at 0x74ed0000 of 64 bytes failed: Only part of a ReadProcessMemory or WriteProcessMemory request was completed. (0x12B)
[0815/122217:WARNING:pe_image_reader.cc(280)] could not read dos header from C:\WINDOWS\syswow64\OLEAUT32.dll
[0815/122217:ERROR:process_reader_win.cc(232)] ReadMemory at 0x74bd0000 of 64 bytes failed: Only part of a ReadProcessMemory or WriteProcessMemory request was completed. (0x12B)
[0815/122217:WARNING:pe_image_reader.cc(280)] could not read dos header from C:\WINDOWS\syswow64\NSI.dll
[0815/122217:ERROR:process_reader_win.cc(232)] ReadMemory at 0x74890000 of 64 bytes failed: Only part of a ReadProcessMemory or WriteProcessMemory request was completed. (0x12B)
[0815/122217:WARNING:pe_image_reader.cc(280)] could not read dos header from C:\WINDOWS\system32\WINNSI.DLL
[0815/122217:ERROR:process_reader_win.cc(232)] ReadMemory at 0x748f0000 of 64 bytes failed: Only part of a ReadProcessMemory or WriteProcessMemory request was completed. (0x12B)
[0815/122217:WARNING:pe_image_reader.cc(280)] could not read dos header from C:\WINDOWS\system32\IPHLPAPI.DLL
[0815/122217:ERROR:process_reader_win.cc(232)] ReadMemory at 0x756f0000 of 64 bytes failed: Only part of a ReadProcessMemory or WriteProcessMemory request was completed. (0x12B)
[0815/122217:WARNING:pe_image_reader.cc(280)] could not read dos header from C:\WINDOWS\syswow64\WS2_32.dll
[0815/122217:ERROR:process_reader_win.cc(232)] ReadMemory at 0x77140000 of 64 bytes failed: Only part of a ReadProcessMemory or WriteProcessMemory request was completed. (0x12B)
[0815/122217:WARNING:pe_image_reader.cc(280)] could not read dos header from C:\WINDOWS\syswow64\MSASN1.dll
[0815/122217:ERROR:process_reader_win.cc(232)] ReadMemory at 0x76850000 of 64 bytes failed: Only part of a ReadProcessMemory or WriteProcessMemory request was completed. (0x12B)
[0815/122217:WARNING:pe_image_reader.cc(280)] could not read dos header from C:\WINDOWS\syswow64\CRYPT32.dll
[0815/122217:ERROR:process_reader_win.cc(232)] ReadMemory at 0x74fd0000 of 64 bytes failed: Only part of a ReadProcessMemory or WriteProcessMemory request was completed. (0x12B)
[0815/122217:WARNING:pe_image_reader.cc(280)] could not read dos header from C:\WINDOWS\syswow64\WINTRUST.dll
[0815/122217:ERROR:process_reader_win.cc(232)] ReadMemory at 0x74910000 of 64 bytes failed: Only part of a ReadProcessMemory or WriteProcessMemory request was completed. (0x12B)
[0815/122217:WARNING:pe_image_reader.cc(280)] could not read dos header from C:\WINDOWS\system32\Secur32.dll
[0815/122217:ERROR:process_reader_win.cc(232)] ReadMemory at 0x68160000 of 64 bytes failed: Only part of a ReadProcessMemory or WriteProcessMemory request was completed. (0x12B)
[0815/122217:WARNING:pe_image_reader.cc(280)] could not read dos header from C:\Program Files (x86)\Google\Chrome\Application\51.0.2704.106\chrome_child.dll
[0815/122217:ERROR:process_reader_win.cc(232)] ReadMemory at 0x71850000 of 64 bytes failed: Only part of a ReadProcessMemory or WriteProcessMemory request was completed. (0x12B)
[0815/122217:WARNING:pe_image_reader.cc(280)] could not read dos header from C:\WINDOWS\system32\dwrite.dll
[0815/122217:ERROR:process_reader_win.cc(232)] ReadMemory at 0x124c374 of 12 bytes failed: Only part of a ReadProcessMemory or WriteProcessMemory request was completed. (0x12B)
[0815/122217:WARNING:process_snapshot_win.cc(102)] ReadMemory ExceptionInformation failed
[0815/122217:WARNING:crash_report_exception_handler.cc(60)] ProcessSnapshotWin::InitializeException failed
[0815/122217:ERROR:scoped_process_suspend.cc(38)] NtResumeProcess, ntstatus=-1073741558
